<?xml version="1.0" encoding="UTF-8"?>
<!-- Generated by org.testng.reporters.JUnitReportReporter -->
<testsuite hostname="DESKTOP-H3MS5D5" failures="0" tests="2" name="variousConcepts.LearnTestNG" time="10.883" errors="0" timestamp="2022-06-25T10:51:16 CDT" skipped="0">
  <testcase classname="variousConcepts.LearnTestNG" name="loginTest" time="2.384"/>
  <system-out/>
  <testcase classname="variousConcepts.LearnTestNG" name="addCustomer" time="8.499"/>
  <system-out/>
</testsuite> <!-- variousConcepts.LearnTestNG -->
